[2019-04-14 17:01:43,037][MainThread:5808][task_id:user][user.py:35][INFO][用户shj注册成功]
[2019-04-14 17:01:54,055][MainThread:5808][task_id:user][user.py:35][INFO][用户shj注册成功]
[2019-04-14 17:03:32,980][MainThread:14488][task_id:user][user.py:20][WARNING][用户[shj]已存在，注册失败]
[2019-04-14 17:03:48,603][MainThread:14488][task_id:user][user.py:36][INFO][用户shj注册成功]
[2019-04-14 17:06:15,715][MainThread:9312][task_id:user][user.py:20][WARNING][用户[shj]已存在，注册失败]
[2019-04-14 17:06:22,356][MainThread:9312][task_id:user][user.py:36][INFO][用户shj注册成功]
[2019-04-14 17:06:37,411][MainThread:928][task_id:user][user.py:20][WARNING][用户[shj]已存在，注册失败]
[2019-04-14 17:06:43,831][MainThread:928][task_id:user][user.py:20][WARNING][用户[shj]已存在，注册失败]
[2019-04-14 17:16:11,011][MainThread:19200][task_id:user][user.py:20][WARNING][用户[shj]已存在，注册失败]
[2019-04-14 18:12:58,920][MainThread:12356][task_id:user][user.py:47][INFO][用户[shj]登录成功]
[2019-04-14 18:13:27,845][MainThread:12356][task_id:user][user.py:47][INFO][用户[shj]登录成功]
[2019-04-14 18:28:28,366][MainThread:16128][task_id:user][user.py:47][INFO][用户[shj]登录成功]
[2019-04-14 18:28:31,698][MainThread:16128][task_id:bank][bank.py:12][INFO][用户[shj]进行了余额查询操作]
[2019-04-14 18:28:40,942][MainThread:16128][task_id:bank][bank.py:24][INFO][用户[shj]提现[1000]￥,手续费：50.0￥]
[2019-04-14 18:28:46,231][MainThread:16128][task_id:bank][bank.py:12][INFO][用户[shj]进行了余额查询操作]
[2019-04-14 18:40:54,386][MainThread:10756][task_id:user][user.py:20][WARNING][用户[shj]已存在，注册失败]
[2019-04-14 18:42:16,493][MainThread:772][task_id:user][user.py:38][INFO][用户c注册成功]
[2019-04-14 18:42:23,610][MainThread:772][task_id:user][user.py:49][INFO][用户[c]登录成功]
[2019-04-14 18:42:27,115][MainThread:772][task_id:bank][bank.py:12][INFO][用户[c]进行了余额查询操作]
[2019-04-14 18:47:19,849][MainThread:14296][task_id:user][user.py:49][INFO][用户[c]登录成功]
[2019-04-14 18:47:31,002][MainThread:14296][task_id:bank][bank.py:42][INFO][用户[c]给用户[shj]转账[5000￥]成功]
[2019-04-14 18:47:41,148][MainThread:14296][task_id:bank][bank.py:42][INFO][用户[c]给用户[shj]转账[1￥]成功]
[2019-04-14 18:50:05,565][MainThread:4600][task_id:user][user.py:49][INFO][用户[c]登录成功]
[2019-04-14 18:50:59,642][MainThread:13392][task_id:user][user.py:49][INFO][用户[shj]登录成功]
[2019-04-14 18:51:16,430][MainThread:13392][task_id:bank][bank.py:43][INFO][用户[shj]给用户[c]转账[12￥]成功]
[2019-04-14 19:04:40,448][MainThread:12972][task_id:user][user.py:49][INFO][用户[shj]登录成功]
[2019-04-14 19:11:05,299][MainThread:12560][task_id:user][user.py:49][INFO][用户[shj]登录成功]
[2019-04-14 19:11:43,620][MainThread:15912][task_id:user][user.py:49][INFO][用户[shj]登录成功]
[2019-04-14 19:49:03,147][MainThread:17372][task_id:user][user.py:49][INFO][用户[shj]登录成功]
[2019-04-14 19:50:22,469][MainThread:3824][task_id:user][user.py:49][INFO][用户[shj]登录成功]
[2019-04-14 19:51:07,253][MainThread:15672][task_id:user][user.py:49][INFO][用户[shj]登录成功]
[2019-04-14 19:54:45,292][MainThread:7568][task_id:user][user.py:49][INFO][用户[shj]登录成功]
[2019-04-14 19:55:00,575][MainThread:7568][task_id:shop][shop.py:21][INFO][用户[%s]添加商品至购物车成功]
[2019-04-14 19:55:06,489][MainThread:7568][task_id:shop][shop.py:21][INFO][用户[%s]添加商品至购物车成功]
[2019-04-14 19:55:18,593][MainThread:7568][task_id:shop][shop.py:21][INFO][用户[%s]添加商品至购物车成功]
[2019-04-14 19:55:22,073][MainThread:7568][task_id:shop][shop.py:21][INFO][用户[%s]添加商品至购物车成功]
[2019-04-14 19:56:29,440][MainThread:17612][task_id:user][user.py:49][INFO][用户[shj]登录成功]
[2019-04-14 20:10:35,063][MainThread:3668][task_id:user][user.py:49][INFO][用户[shj]登录成功]
[2019-04-14 20:12:50,722][MainThread:19444][task_id:user][user.py:49][INFO][用户[shj]登录成功]
[2019-04-14 20:13:51,438][MainThread:7120][task_id:user][user.py:49][INFO][用户[shj]登录成功]
[2019-04-14 20:23:13,998][MainThread:13348][task_id:user][user.py:49][INFO][用户[shj]登录成功]
[2019-04-14 20:24:32,273][MainThread:13316][task_id:user][user.py:49][INFO][用户[shj]登录成功]
[2019-04-14 20:24:36,586][MainThread:13316][task_id:bank][bank.py:95][INFO][用户[shj]支付[400￥]成功]
[2019-04-14 20:24:43,676][MainThread:13316][task_id:bank][bank.py:12][INFO][用户[shj]进行了余额查询操作]
[2019-04-14 20:39:58,350][MainThread:11328][task_id:user][user.py:49][INFO][用户[shj]登录成功]
[2019-04-14 20:40:01,443][MainThread:11328][task_id:bank][bank.py:12][INFO][用户[shj]进行了余额查询操作]
[2019-04-14 20:40:08,724][MainThread:11328][task_id:bank][bank.py:24][INFO][用户[shj]提现[50]￥,手续费：2.5￥]
[2019-04-14 20:40:22,191][MainThread:11328][task_id:bank][bank.py:43][INFO][用户[shj]给用户[c]转账[50￥]成功]
[2019-04-14 20:40:29,196][MainThread:11328][task_id:bank][bank.py:57][INFO][用户[shj]还款[100￥]成功！]
[2019-04-14 20:40:44,427][MainThread:11328][task_id:bank][bank.py:74][INFO][用户[shj]购物支出[50￥]]
[2019-04-14 20:40:53,291][MainThread:11328][task_id:bank][bank.py:95][INFO][用户[shj]支付[400￥]成功]
[2019-04-14 20:42:11,409][MainThread:14156][task_id:user][user.py:49][INFO][用户[shj]登录成功]
[2019-04-14 20:42:15,424][MainThread:14156][task_id:bank][bank.py:95][INFO][用户[shj]支付[400￥]成功]
[2019-04-14 20:43:48,221][MainThread:268][task_id:user][user.py:49][INFO][用户[shj]登录成功]
[2019-04-14 20:43:53,689][MainThread:268][task_id:bank][bank.py:95][INFO][用户[shj]支付[0￥]成功]
[2019-04-14 20:44:43,461][MainThread:11736][task_id:user][user.py:49][INFO][用户[shj]登录成功]
[2019-04-14 20:47:19,660][MainThread:11672][task_id:user][user.py:49][INFO][用户[shj]登录成功]
[2019-04-14 20:48:57,018][MainThread:1016][task_id:user][user.py:49][INFO][用户[shj]登录成功]
[2019-04-14 20:49:30,432][MainThread:5176][task_id:user][user.py:49][INFO][用户[shj]登录成功]
[2019-04-14 20:51:01,089][MainThread:4232][task_id:user][user.py:49][INFO][用户[shj]登录成功]
[2019-04-14 20:51:52,648][MainThread:4232][task_id:shop][shop.py:21][INFO][用户[%s]添加商品至购物车成功]
[2019-04-14 20:53:22,558][MainThread:17272][task_id:user][user.py:49][INFO][用户[shj]登录成功]
[2019-04-14 20:53:26,835][MainThread:17272][task_id:bank][bank.py:95][INFO][用户[shj]支付[150￥]成功]
[2019-04-14 20:54:35,117][MainThread:6448][task_id:user][user.py:49][INFO][用户[shj]登录成功]
[2019-04-14 20:55:41,802][MainThread:16272][task_id:user][user.py:49][INFO][用户[shj]登录成功]
